[2025-01-18T19:35:50.162+0000] {manager.py:470} INFO - Processing files using up to 2 processes at a time 
[2025-01-18T19:35:50.163+0000] {manager.py:471} INFO - Process each file at most once every 30 seconds
[2025-01-18T19:35:50.163+0000] {manager.py:472} INFO - Checking for new files in /opt/airflow/dags every 300 seconds
[2025-01-18T19:35:50.164+0000] {manager.py:737} INFO - Searching for files in /opt/airflow/dags
[2025-01-18T19:35:50.165+0000] {manager.py:740} INFO - There are 0 files in /opt/airflow/dags
[2025-01-18T19:40:50.440+0000] {manager.py:737} INFO - Searching for files in /opt/airflow/dags
[2025-01-18T19:40:50.457+0000] {manager.py:740} INFO - There are 0 files in /opt/airflow/dags
[2025-01-18T19:45:51.440+0000] {manager.py:737} INFO - Searching for files in /opt/airflow/dags
[2025-01-18T19:45:51.444+0000] {manager.py:740} INFO - There are 0 files in /opt/airflow/dags
[2025-01-18T19:50:51.506+0000] {manager.py:737} INFO - Searching for files in /opt/airflow/dags
[2025-01-18T19:50:51.509+0000] {manager.py:740} INFO - There are 0 files in /opt/airflow/dags
[2025-01-18T19:55:51.558+0000] {manager.py:737} INFO - Searching for files in /opt/airflow/dags
[2025-01-18T19:55:51.565+0000] {manager.py:740} INFO - There are 0 files in /opt/airflow/dags
[2025-01-18T20:00:51.567+0000] {manager.py:737} INFO - Searching for files in /opt/airflow/dags
[2025-01-18T20:00:51.573+0000] {manager.py:740} INFO - There are 0 files in /opt/airflow/dags
[2025-01-18T20:05:51.701+0000] {manager.py:737} INFO - Searching for files in /opt/airflow/dags
[2025-01-18T20:05:51.705+0000] {manager.py:740} INFO - There are 0 files in /opt/airflow/dags
[2025-01-18T20:10:51.822+0000] {manager.py:737} INFO - Searching for files in /opt/airflow/dags
[2025-01-18T20:10:51.826+0000] {manager.py:740} INFO - There are 0 files in /opt/airflow/dags
[2025-01-18T20:15:52.173+0000] {manager.py:737} INFO - Searching for files in /opt/airflow/dags
[2025-01-18T20:15:52.179+0000] {manager.py:740} INFO - There are 0 files in /opt/airflow/dags
[2025-01-18T20:20:52.766+0000] {manager.py:737} INFO - Searching for files in /opt/airflow/dags
[2025-01-18T20:20:52.771+0000] {manager.py:740} INFO - There are 0 files in /opt/airflow/dags
[2025-01-18T20:25:53.414+0000] {manager.py:737} INFO - Searching for files in /opt/airflow/dags
[2025-01-18T20:25:53.418+0000] {manager.py:740} INFO - There are 0 files in /opt/airflow/dags
[2025-01-18T20:30:53.626+0000] {manager.py:737} INFO - Searching for files in /opt/airflow/dags
[2025-01-18T20:30:53.633+0000] {manager.py:740} INFO - There are 0 files in /opt/airflow/dags
[2025-01-18T20:35:53.778+0000] {manager.py:737} INFO - Searching for files in /opt/airflow/dags
[2025-01-18T20:35:53.780+0000] {manager.py:740} INFO - There are 0 files in /opt/airflow/dags
[2025-01-18T20:40:54.073+0000] {manager.py:737} INFO - Searching for files in /opt/airflow/dags
[2025-01-18T20:40:54.079+0000] {manager.py:740} INFO - There are 0 files in /opt/airflow/dags
[2025-01-18T20:45:54.325+0000] {manager.py:737} INFO - Searching for files in /opt/airflow/dags
[2025-01-18T20:45:54.327+0000] {manager.py:740} INFO - There are 0 files in /opt/airflow/dags
[2025-01-18T20:50:54.403+0000] {manager.py:737} INFO - Searching for files in /opt/airflow/dags
[2025-01-18T20:50:54.408+0000] {manager.py:740} INFO - There are 0 files in /opt/airflow/dags
[2025-01-18T20:55:54.487+0000] {manager.py:737} INFO - Searching for files in /opt/airflow/dags
[2025-01-18T20:55:54.493+0000] {manager.py:740} INFO - There are 0 files in /opt/airflow/dags
[2025-01-18T21:00:54.771+0000] {manager.py:737} INFO - Searching for files in /opt/airflow/dags
[2025-01-18T21:00:54.775+0000] {manager.py:740} INFO - There are 0 files in /opt/airflow/dags
[2025-01-18T21:05:54.899+0000] {manager.py:737} INFO - Searching for files in /opt/airflow/dags
[2025-01-18T21:05:54.908+0000] {manager.py:740} INFO - There are 0 files in /opt/airflow/dags
[2025-01-18T21:10:54.954+0000] {manager.py:737} INFO - Searching for files in /opt/airflow/dags
[2025-01-18T21:10:54.959+0000] {manager.py:740} INFO - There are 0 files in /opt/airflow/dags
[2025-01-18T21:15:55.020+0000] {manager.py:737} INFO - Searching for files in /opt/airflow/dags
[2025-01-18T21:15:55.028+0000] {manager.py:740} INFO - There are 0 files in /opt/airflow/dags
[2025-01-18T21:20:55.125+0000] {manager.py:737} INFO - Searching for files in /opt/airflow/dags
[2025-01-18T21:20:55.131+0000] {manager.py:740} INFO - There are 0 files in /opt/airflow/dags
[2025-01-18T21:25:55.284+0000] {manager.py:737} INFO - Searching for files in /opt/airflow/dags
[2025-01-18T21:25:55.297+0000] {manager.py:740} INFO - There are 1 files in /opt/airflow/dags
[2025-01-18T21:26:08.208+0000] {manager.py:878} INFO - 
================================================================================
DAG File Processing Stats

File Path                                    PID    Runtime      # DAGs    # Errors  Last Runtime    Last Run
-------------------------------------------  -----  ---------  --------  ----------  --------------  -------------------
/opt/airflow/dags/data_ingesting_gcs_dag.py                           1           0  0.21s           2025-01-18T21:25:57
================================================================================
[2025-01-18T21:26:38.339+0000] {manager.py:878} INFO - 
================================================================================
DAG File Processing Stats

File Path                                    PID    Runtime      # DAGs    # Errors  Last Runtime    Last Run
-------------------------------------------  -----  ---------  --------  ----------  --------------  -------------------
/opt/airflow/dags/data_ingesting_gcs_dag.py                           1           0  0.11s           2025-01-18T21:26:27
================================================================================
[2025-01-18T21:27:08.643+0000] {manager.py:878} INFO - 
================================================================================
DAG File Processing Stats

File Path                                    PID    Runtime      # DAGs    # Errors  Last Runtime    Last Run
-------------------------------------------  -----  ---------  --------  ----------  --------------  -------------------
/opt/airflow/dags/data_ingesting_gcs_dag.py                           1           0  0.10s           2025-01-18T21:26:57
================================================================================
[2025-01-18T21:27:38.928+0000] {manager.py:878} INFO - 
================================================================================
DAG File Processing Stats

File Path                                    PID    Runtime      # DAGs    # Errors  Last Runtime    Last Run
-------------------------------------------  -----  ---------  --------  ----------  --------------  -------------------
/opt/airflow/dags/data_ingesting_gcs_dag.py                           1           0  0.12s           2025-01-18T21:27:27
================================================================================
[2025-01-18T21:28:09.243+0000] {manager.py:878} INFO - 
================================================================================
DAG File Processing Stats

File Path                                    PID    Runtime      # DAGs    # Errors  Last Runtime    Last Run
-------------------------------------------  -----  ---------  --------  ----------  --------------  -------------------
/opt/airflow/dags/data_ingesting_gcs_dag.py                           1           0  0.10s           2025-01-18T21:27:58
================================================================================
[2025-01-18T21:28:39.479+0000] {manager.py:878} INFO - 
================================================================================
DAG File Processing Stats

File Path                                    PID    Runtime      # DAGs    # Errors  Last Runtime    Last Run
-------------------------------------------  -----  ---------  --------  ----------  --------------  -------------------
/opt/airflow/dags/data_ingesting_gcs_dag.py                           1           0  0.11s           2025-01-18T21:28:28
================================================================================
[2025-01-18T21:29:09.779+0000] {manager.py:878} INFO - 
================================================================================
DAG File Processing Stats

File Path                                    PID    Runtime      # DAGs    # Errors  Last Runtime    Last Run
-------------------------------------------  -----  ---------  --------  ----------  --------------  -------------------
/opt/airflow/dags/data_ingesting_gcs_dag.py                           1           0  0.09s           2025-01-18T21:28:58
================================================================================
[2025-01-18T21:29:40.075+0000] {manager.py:878} INFO - 
================================================================================
DAG File Processing Stats

File Path                                    PID    Runtime      # DAGs    # Errors  Last Runtime    Last Run
-------------------------------------------  -----  ---------  --------  ----------  --------------  -------------------
/opt/airflow/dags/data_ingesting_gcs_dag.py                           1           0  0.09s           2025-01-18T21:29:29
================================================================================
[2025-01-18T21:30:10.330+0000] {manager.py:878} INFO - 
================================================================================
DAG File Processing Stats

File Path                                    PID    Runtime      # DAGs    # Errors  Last Runtime    Last Run
-------------------------------------------  -----  ---------  --------  ----------  --------------  -------------------
/opt/airflow/dags/data_ingesting_gcs_dag.py                           1           0  0.08s           2025-01-18T21:29:59
================================================================================
[2025-01-18T21:30:40.596+0000] {manager.py:878} INFO - 
================================================================================
DAG File Processing Stats

File Path                                    PID    Runtime      # DAGs    # Errors  Last Runtime    Last Run
-------------------------------------------  -----  ---------  --------  ----------  --------------  -------------------
/opt/airflow/dags/data_ingesting_gcs_dag.py                           1           0  0.10s           2025-01-18T21:30:29
================================================================================
[2025-01-18T21:30:55.698+0000] {manager.py:737} INFO - Searching for files in /opt/airflow/dags
[2025-01-18T21:30:55.706+0000] {manager.py:740} INFO - There are 1 files in /opt/airflow/dags
[2025-01-18T21:31:10.859+0000] {manager.py:878} INFO - 
================================================================================
DAG File Processing Stats

File Path                                    PID    Runtime      # DAGs    # Errors  Last Runtime    Last Run
-------------------------------------------  -----  ---------  --------  ----------  --------------  -------------------
/opt/airflow/dags/data_ingesting_gcs_dag.py                           1           0  0.07s           2025-01-18T21:30:59
================================================================================
[2025-01-18T21:31:41.199+0000] {manager.py:878} INFO - 
================================================================================
DAG File Processing Stats

File Path                                    PID    Runtime      # DAGs    # Errors  Last Runtime    Last Run
-------------------------------------------  -----  ---------  --------  ----------  --------------  -------------------
/opt/airflow/dags/data_ingesting_gcs_dag.py                           1           0  0.15s           2025-01-18T21:31:32
================================================================================
[2025-01-18T21:32:11.404+0000] {manager.py:878} INFO - 
================================================================================
DAG File Processing Stats

File Path                                    PID    Runtime      # DAGs    # Errors  Last Runtime    Last Run
-------------------------------------------  -----  ---------  --------  ----------  --------------  -------------------
/opt/airflow/dags/data_ingesting_gcs_dag.py                           1           0  0.06s           2025-01-18T21:32:02
================================================================================
[2025-01-18T21:32:41.679+0000] {manager.py:878} INFO - 
================================================================================
DAG File Processing Stats

File Path                                    PID    Runtime      # DAGs    # Errors  Last Runtime    Last Run
-------------------------------------------  -----  ---------  --------  ----------  --------------  -------------------
/opt/airflow/dags/data_ingesting_gcs_dag.py                           1           0  0.09s           2025-01-18T21:32:32
================================================================================
[2025-01-18T21:33:11.947+0000] {manager.py:878} INFO - 
================================================================================
DAG File Processing Stats

File Path                                    PID    Runtime      # DAGs    # Errors  Last Runtime    Last Run
-------------------------------------------  -----  ---------  --------  ----------  --------------  -------------------
/opt/airflow/dags/data_ingesting_gcs_dag.py                           1           0  0.11s           2025-01-18T21:33:02
================================================================================
[2025-01-18T21:33:42.227+0000] {manager.py:878} INFO - 
================================================================================
DAG File Processing Stats

File Path                                    PID    Runtime      # DAGs    # Errors  Last Runtime    Last Run
-------------------------------------------  -----  ---------  --------  ----------  --------------  -------------------
/opt/airflow/dags/data_ingesting_gcs_dag.py                           1           0  0.09s           2025-01-18T21:33:33
================================================================================
[2025-01-18T21:34:12.506+0000] {manager.py:878} INFO - 
================================================================================
DAG File Processing Stats

File Path                                    PID    Runtime      # DAGs    # Errors  Last Runtime    Last Run
-------------------------------------------  -----  ---------  --------  ----------  --------------  -------------------
/opt/airflow/dags/data_ingesting_gcs_dag.py                           1           0  0.12s           2025-01-18T21:34:03
================================================================================
[2025-01-18T21:34:42.757+0000] {manager.py:878} INFO - 
================================================================================
DAG File Processing Stats

File Path                                    PID    Runtime      # DAGs    # Errors  Last Runtime    Last Run
-------------------------------------------  -----  ---------  --------  ----------  --------------  -------------------
/opt/airflow/dags/data_ingesting_gcs_dag.py                           1           0  0.10s           2025-01-18T21:34:33
================================================================================
[2025-01-18T21:35:13.012+0000] {manager.py:878} INFO - 
================================================================================
DAG File Processing Stats

File Path                                    PID    Runtime      # DAGs    # Errors  Last Runtime    Last Run
-------------------------------------------  -----  ---------  --------  ----------  --------------  -------------------
/opt/airflow/dags/data_ingesting_gcs_dag.py                           1           0  0.09s           2025-01-18T21:35:04
================================================================================
[2025-01-18T21:35:43.290+0000] {manager.py:878} INFO - 
================================================================================
DAG File Processing Stats

File Path                                    PID    Runtime      # DAGs    # Errors  Last Runtime    Last Run
-------------------------------------------  -----  ---------  --------  ----------  --------------  -------------------
/opt/airflow/dags/data_ingesting_gcs_dag.py                           1           0  0.11s           2025-01-18T21:35:34
================================================================================
[2025-01-18T21:35:56.394+0000] {manager.py:737} INFO - Searching for files in /opt/airflow/dags
[2025-01-18T21:35:56.401+0000] {manager.py:740} INFO - There are 1 files in /opt/airflow/dags
[2025-01-18T21:35:57.811+0000] {manager.py:452} INFO - Exiting gracefully upon receiving signal 15
[2025-01-18T21:36:37.553+0000] {manager.py:470} INFO - Processing files using up to 2 processes at a time 
[2025-01-18T21:36:37.554+0000] {manager.py:471} INFO - Process each file at most once every 30 seconds
[2025-01-18T21:36:37.554+0000] {manager.py:472} INFO - Checking for new files in /opt/airflow/dags every 300 seconds
[2025-01-18T21:36:37.555+0000] {manager.py:737} INFO - Searching for files in /opt/airflow/dags
[2025-01-18T21:36:37.557+0000] {manager.py:740} INFO - There are 1 files in /opt/airflow/dags
[2025-01-18T21:36:39.740+0000] {manager.py:878} INFO - 
================================================================================
DAG File Processing Stats

File Path                                      PID  Runtime      # DAGs    # Errors  Last Runtime    Last Run
-------------------------------------------  -----  ---------  --------  ----------  --------------  ----------
/opt/airflow/dags/data_ingesting_gcs_dag.py     32  0.02s             0           0
================================================================================
[2025-01-18T21:37:09.977+0000] {manager.py:878} INFO - 
================================================================================
DAG File Processing Stats

File Path                                    PID    Runtime      # DAGs    # Errors  Last Runtime    Last Run
-------------------------------------------  -----  ---------  --------  ----------  --------------  -------------------
/opt/airflow/dags/data_ingesting_gcs_dag.py                           1           0  0.55s           2025-01-18T21:36:40
================================================================================
[2025-01-18T21:37:40.883+0000] {manager.py:878} INFO - 
================================================================================
DAG File Processing Stats

File Path                                      PID  Runtime      # DAGs    # Errors  Last Runtime    Last Run
-------------------------------------------  -----  ---------  --------  ----------  --------------  -------------------
/opt/airflow/dags/data_ingesting_gcs_dag.py     45  0.01s             1           0  0.12s           2025-01-18T21:37:10
================================================================================
[2025-01-18T21:38:11.182+0000] {manager.py:878} INFO - 
================================================================================
DAG File Processing Stats

File Path                                      PID  Runtime      # DAGs    # Errors  Last Runtime    Last Run
-------------------------------------------  -----  ---------  --------  ----------  --------------  -------------------
/opt/airflow/dags/data_ingesting_gcs_dag.py     52  0.01s             1           0  0.10s           2025-01-18T21:37:40
================================================================================
[2025-01-18T21:38:41.682+0000] {manager.py:878} INFO - 
================================================================================
DAG File Processing Stats

File Path                                      PID  Runtime      # DAGs    # Errors  Last Runtime    Last Run
-------------------------------------------  -----  ---------  --------  ----------  --------------  -------------------
/opt/airflow/dags/data_ingesting_gcs_dag.py     59  0.00s             1           0  0.09s           2025-01-18T21:38:11
================================================================================
[2025-01-18T21:39:11.919+0000] {manager.py:878} INFO - 
================================================================================
DAG File Processing Stats

File Path                                      PID  Runtime      # DAGs    # Errors  Last Runtime    Last Run
-------------------------------------------  -----  ---------  --------  ----------  --------------  -------------------
/opt/airflow/dags/data_ingesting_gcs_dag.py     65  0.01s             1           0  0.06s           2025-01-18T21:38:41
================================================================================
[2025-01-18T21:39:42.164+0000] {manager.py:878} INFO - 
================================================================================
DAG File Processing Stats

File Path                                    PID    Runtime      # DAGs    # Errors  Last Runtime    Last Run
-------------------------------------------  -----  ---------  --------  ----------  --------------  -------------------
/opt/airflow/dags/data_ingesting_gcs_dag.py                           1           0  0.30s           2025-01-18T21:39:12
================================================================================
[2025-01-18T21:40:12.642+0000] {manager.py:878} INFO - 
================================================================================
DAG File Processing Stats

File Path                                      PID  Runtime      # DAGs    # Errors  Last Runtime    Last Run
-------------------------------------------  -----  ---------  --------  ----------  --------------  -------------------
/opt/airflow/dags/data_ingesting_gcs_dag.py     79  0.00s             1           0  0.12s           2025-01-18T21:39:42
================================================================================
[2025-01-18T21:40:42.988+0000] {manager.py:878} INFO - 
================================================================================
DAG File Processing Stats

File Path                                      PID  Runtime      # DAGs    # Errors  Last Runtime    Last Run
-------------------------------------------  -----  ---------  --------  ----------  --------------  -------------------
/opt/airflow/dags/data_ingesting_gcs_dag.py     86  0.02s             1           0  0.10s           2025-01-18T21:40:12
================================================================================
[2025-01-18T21:41:13.277+0000] {manager.py:878} INFO - 
================================================================================
DAG File Processing Stats

File Path                                      PID  Runtime      # DAGs    # Errors  Last Runtime    Last Run
-------------------------------------------  -----  ---------  --------  ----------  --------------  -------------------
/opt/airflow/dags/data_ingesting_gcs_dag.py     93  0.01s             1           0  0.11s           2025-01-18T21:40:43
================================================================================
[2025-01-18T21:41:17.889+0000] {manager.py:452} INFO - Exiting gracefully upon receiving signal 15
