[2024-05-15T14:16:32.303+0000] {local_task_job_runner.py:120} INFO - ::group::Pre task execution logs
[2024-05-15T14:16:32.310+0000] {taskinstance.py:2076} INFO - Dependencies all met for dep_context=non-requeueable deps ti=<TaskInstance: data_ingestion_gcs_dag.download_dataset_task manual__2024-05-15T14:16:30.036748+00:00 [queued]>
[2024-05-15T14:16:32.314+0000] {taskinstance.py:2076} INFO - Dependencies all met for dep_context=requeueable deps ti=<TaskInstance: data_ingestion_gcs_dag.download_dataset_task manual__2024-05-15T14:16:30.036748+00:00 [queued]>
[2024-05-15T14:16:32.314+0000] {taskinstance.py:2306} INFO - Starting attempt 1 of 2
[2024-05-15T14:16:32.321+0000] {taskinstance.py:2330} INFO - Executing <Task(BashOperator): download_dataset_task> on 2024-05-15 14:16:30.036748+00:00
[2024-05-15T14:16:32.324+0000] {warnings.py:110} WARNING - /home/***/.local/lib/python3.12/site-packages/***/task/task_runner/standard_task_runner.py:61: DeprecationWarning: This process (pid=76) is multi-threaded, use of fork() may lead to deadlocks in the child.
  pid = os.fork()

[2024-05-15T14:16:32.325+0000] {standard_task_runner.py:63} INFO - Started process 78 to run task
[2024-05-15T14:16:32.325+0000] {standard_task_runner.py:90} INFO - Running: ['***', 'tasks', 'run', 'data_ingestion_gcs_dag', 'download_dataset_task', 'manual__2024-05-15T14:16:30.036748+00:00', '--job-id', '57', '--raw', '--subdir', 'DAGS_FOLDER/data_ingesting_gcs_dag.py', '--cfg-path', '/tmp/tmpiw8d9e4u']
[2024-05-15T14:16:32.327+0000] {standard_task_runner.py:91} INFO - Job 57: Subtask download_dataset_task
[2024-05-15T14:16:32.349+0000] {task_command.py:426} INFO - Running <TaskInstance: data_ingestion_gcs_dag.download_dataset_task manual__2024-05-15T14:16:30.036748+00:00 [running]> on host 8d74528dce72
[2024-05-15T14:16:32.389+0000] {taskinstance.py:2648} INFO - Exporting env vars: AIRFLOW_CTX_DAG_OWNER='***' AIRFLOW_CTX_DAG_ID='data_ingestion_gcs_dag' AIRFLOW_CTX_TASK_ID='download_dataset_task' AIRFLOW_CTX_EXECUTION_DATE='2024-05-15T14:16:30.036748+00:00' AIRFLOW_CTX_TRY_NUMBER='1' AIRFLOW_CTX_DAG_RUN_ID='manual__2024-05-15T14:16:30.036748+00:00'
[2024-05-15T14:16:32.390+0000] {taskinstance.py:430} INFO - ::endgroup::
[2024-05-15T14:16:32.407+0000] {subprocess.py:63} INFO - Tmp dir root location: /tmp
[2024-05-15T14:16:32.407+0000] {subprocess.py:75} INFO - Running command: ['/usr/bin/bash', '-c', 'curl -sSL https://d37ci6vzurychx.cloudfront.net/trip-data/yellow_tripdata_2021-01.parquet > /opt/***/yellow_tripdata_2021-01.parquet']
[2024-05-15T14:16:32.412+0000] {subprocess.py:86} INFO - Output:
[2024-05-15T14:16:36.553+0000] {subprocess.py:97} INFO - Command exited with return code 0
[2024-05-15T14:16:36.556+0000] {taskinstance.py:441} INFO - ::group::Post task execution logs
[2024-05-15T14:16:36.586+0000] {taskinstance.py:1206} INFO - Marking task as SUCCESS. dag_id=data_ingestion_gcs_dag, task_id=download_dataset_task, run_id=manual__2024-05-15T14:16:30.036748+00:00, execution_date=20240515T141630, start_date=20240515T141632, end_date=20240515T141636
[2024-05-15T14:16:36.642+0000] {local_task_job_runner.py:240} INFO - Task exited with return code 0
[2024-05-15T14:16:36.664+0000] {taskinstance.py:3498} INFO - 1 downstream tasks scheduled from follow-on schedule check
[2024-05-15T14:16:36.665+0000] {local_task_job_runner.py:222} INFO - ::endgroup::
