[2024-05-15T13:02:40.704+0000] {local_task_job_runner.py:120} INFO - ::group::Pre task execution logs
[2024-05-15T13:02:40.711+0000] {taskinstance.py:2076} INFO - Dependencies all met for dep_context=non-requeueable deps ti=<TaskInstance: data_ingestion_gcs_dag.download_dataset_task manual__2024-05-15T13:02:16.788807+00:00 [queued]>
[2024-05-15T13:02:40.714+0000] {taskinstance.py:2076} INFO - Dependencies all met for dep_context=requeueable deps ti=<TaskInstance: data_ingestion_gcs_dag.download_dataset_task manual__2024-05-15T13:02:16.788807+00:00 [queued]>
[2024-05-15T13:02:40.714+0000] {taskinstance.py:2306} INFO - Starting attempt 1 of 2
[2024-05-15T13:02:40.719+0000] {taskinstance.py:2330} INFO - Executing <Task(BashOperator): download_dataset_task> on 2024-05-15 13:02:16.788807+00:00
[2024-05-15T13:02:40.722+0000] {warnings.py:110} WARNING - /home/***/.local/lib/python3.12/site-packages/***/task/task_runner/standard_task_runner.py:61: DeprecationWarning: This process (pid=58) is multi-threaded, use of fork() may lead to deadlocks in the child.
  pid = os.fork()

[2024-05-15T13:02:40.723+0000] {standard_task_runner.py:63} INFO - Started process 60 to run task
[2024-05-15T13:02:40.723+0000] {standard_task_runner.py:90} INFO - Running: ['***', 'tasks', 'run', 'data_ingestion_gcs_dag', 'download_dataset_task', 'manual__2024-05-15T13:02:16.788807+00:00', '--job-id', '25', '--raw', '--subdir', 'DAGS_FOLDER/data_ingesting_gcs_dag.py', '--cfg-path', '/tmp/tmpnu9uupxd']
[2024-05-15T13:02:40.724+0000] {standard_task_runner.py:91} INFO - Job 25: Subtask download_dataset_task
[2024-05-15T13:02:40.744+0000] {task_command.py:426} INFO - Running <TaskInstance: data_ingestion_gcs_dag.download_dataset_task manual__2024-05-15T13:02:16.788807+00:00 [running]> on host 980cb962d892
[2024-05-15T13:02:40.778+0000] {taskinstance.py:2648} INFO - Exporting env vars: AIRFLOW_CTX_DAG_OWNER='***' AIRFLOW_CTX_DAG_ID='data_ingestion_gcs_dag' AIRFLOW_CTX_TASK_ID='download_dataset_task' AIRFLOW_CTX_EXECUTION_DATE='2024-05-15T13:02:16.788807+00:00' AIRFLOW_CTX_TRY_NUMBER='1' AIRFLOW_CTX_DAG_RUN_ID='manual__2024-05-15T13:02:16.788807+00:00'
[2024-05-15T13:02:40.778+0000] {taskinstance.py:430} INFO - ::endgroup::
[2024-05-15T13:02:40.784+0000] {subprocess.py:63} INFO - Tmp dir root location: /tmp
[2024-05-15T13:02:40.784+0000] {subprocess.py:75} INFO - Running command: ['/usr/bin/bash', '-c', 'curl -sSL https://s3.amazonaws.com/nyc-tlc/trip+data/yellow_tripdata_2021-01.csv > /opt/***/yellow_tripdata_2021-01.csv']
[2024-05-15T13:02:40.789+0000] {subprocess.py:86} INFO - Output:
[2024-05-15T13:02:41.436+0000] {subprocess.py:97} INFO - Command exited with return code 0
[2024-05-15T13:02:41.438+0000] {taskinstance.py:441} INFO - ::group::Post task execution logs
[2024-05-15T13:02:41.469+0000] {taskinstance.py:1206} INFO - Marking task as SUCCESS. dag_id=data_ingestion_gcs_dag, task_id=download_dataset_task, run_id=manual__2024-05-15T13:02:16.788807+00:00, execution_date=20240515T130216, start_date=20240515T130240, end_date=20240515T130241
[2024-05-15T13:02:41.525+0000] {local_task_job_runner.py:240} INFO - Task exited with return code 0
[2024-05-15T13:02:41.548+0000] {taskinstance.py:3498} INFO - 1 downstream tasks scheduled from follow-on schedule check
[2024-05-15T13:02:41.549+0000] {local_task_job_runner.py:222} INFO - ::endgroup::
