[2024-05-15T12:15:20.131+0000] {local_task_job_runner.py:120} INFO - ::group::Pre task execution logs
[2024-05-15T12:15:20.138+0000] {taskinstance.py:2076} INFO - Dependencies all met for dep_context=non-requeueable deps ti=<TaskInstance: data_ingestion_gcs_dag.download_dataset_task scheduled__2024-05-14T00:00:00+00:00 [queued]>
[2024-05-15T12:15:20.141+0000] {taskinstance.py:2076} INFO - Dependencies all met for dep_context=requeueable deps ti=<TaskInstance: data_ingestion_gcs_dag.download_dataset_task scheduled__2024-05-14T00:00:00+00:00 [queued]>
[2024-05-15T12:15:20.142+0000] {taskinstance.py:2306} INFO - Starting attempt 1 of 2
[2024-05-15T12:15:20.147+0000] {taskinstance.py:2330} INFO - Executing <Task(BashOperator): download_dataset_task> on 2024-05-14 00:00:00+00:00
[2024-05-15T12:15:20.151+0000] {warnings.py:110} WARNING - /home/***/.local/lib/python3.12/site-packages/***/task/task_runner/standard_task_runner.py:61: DeprecationWarning: This process (pid=16607) is multi-threaded, use of fork() may lead to deadlocks in the child.
  pid = os.fork()

[2024-05-15T12:15:20.152+0000] {standard_task_runner.py:63} INFO - Started process 16609 to run task
[2024-05-15T12:15:20.152+0000] {standard_task_runner.py:90} INFO - Running: ['***', 'tasks', 'run', 'data_ingestion_gcs_dag', 'download_dataset_task', 'scheduled__2024-05-14T00:00:00+00:00', '--job-id', '3', '--raw', '--subdir', 'DAGS_FOLDER/data_ingesting_gcs_dag.py', '--cfg-path', '/tmp/tmp15p9r398']
[2024-05-15T12:15:20.154+0000] {standard_task_runner.py:91} INFO - Job 3: Subtask download_dataset_task
[2024-05-15T12:15:20.178+0000] {task_command.py:426} INFO - Running <TaskInstance: data_ingestion_gcs_dag.download_dataset_task scheduled__2024-05-14T00:00:00+00:00 [running]> on host 1fcdfe24c089
[2024-05-15T12:15:20.224+0000] {taskinstance.py:2648} INFO - Exporting env vars: AIRFLOW_CTX_DAG_OWNER='***' AIRFLOW_CTX_DAG_ID='data_ingestion_gcs_dag' AIRFLOW_CTX_TASK_ID='download_dataset_task' AIRFLOW_CTX_EXECUTION_DATE='2024-05-14T00:00:00+00:00' AIRFLOW_CTX_TRY_NUMBER='1' AIRFLOW_CTX_DAG_RUN_ID='scheduled__2024-05-14T00:00:00+00:00'
[2024-05-15T12:15:20.225+0000] {taskinstance.py:430} INFO - ::endgroup::
[2024-05-15T12:15:20.242+0000] {subprocess.py:63} INFO - Tmp dir root location: /tmp
[2024-05-15T12:15:20.243+0000] {subprocess.py:75} INFO - Running command: ['/usr/bin/bash', '-c', 'curl -sSL https://s3.amazonaws.com/nyc-tlc/trip+data/yellow_tripdata_2021-01.csv > /opt/***/yellow_tripdata_2021-01.csv']
[2024-05-15T12:15:20.249+0000] {subprocess.py:86} INFO - Output:
[2024-05-15T12:15:20.910+0000] {subprocess.py:97} INFO - Command exited with return code 0
[2024-05-15T12:15:20.912+0000] {taskinstance.py:441} INFO - ::group::Post task execution logs
[2024-05-15T12:15:20.947+0000] {taskinstance.py:1206} INFO - Marking task as SUCCESS. dag_id=data_ingestion_gcs_dag, task_id=download_dataset_task, run_id=scheduled__2024-05-14T00:00:00+00:00, execution_date=20240514T000000, start_date=20240515T121520, end_date=20240515T121520
[2024-05-15T12:15:20.968+0000] {local_task_job_runner.py:240} INFO - Task exited with return code 0
[2024-05-15T12:15:20.988+0000] {taskinstance.py:3498} INFO - 1 downstream tasks scheduled from follow-on schedule check
[2024-05-15T12:15:20.989+0000] {local_task_job_runner.py:222} INFO - ::endgroup::
