[2024-05-15T14:16:43.076+0000] {local_task_job_runner.py:120} INFO - ::group::Pre task execution logs
[2024-05-15T14:16:43.084+0000] {taskinstance.py:2076} INFO - Dependencies all met for dep_context=non-requeueable deps ti=<TaskInstance: data_ingestion_gcs_dag.create_bigquery_external_table_task manual__2024-05-15T14:16:30.036748+00:00 [queued]>
[2024-05-15T14:16:43.088+0000] {taskinstance.py:2076} INFO - Dependencies all met for dep_context=requeueable deps ti=<TaskInstance: data_ingestion_gcs_dag.create_bigquery_external_table_task manual__2024-05-15T14:16:30.036748+00:00 [queued]>
[2024-05-15T14:16:43.088+0000] {taskinstance.py:2306} INFO - Starting attempt 1 of 2
[2024-05-15T14:16:43.093+0000] {taskinstance.py:2330} INFO - Executing <Task(BigQueryCreateExternalTableOperator): create_bigquery_external_table_task> on 2024-05-15 14:16:30.036748+00:00
[2024-05-15T14:16:43.097+0000] {warnings.py:110} WARNING - /home/***/.local/lib/python3.12/site-packages/***/task/task_runner/standard_task_runner.py:61: DeprecationWarning: This process (pid=92) is multi-threaded, use of fork() may lead to deadlocks in the child.
  pid = os.fork()

[2024-05-15T14:16:43.098+0000] {standard_task_runner.py:63} INFO - Started process 94 to run task
[2024-05-15T14:16:43.098+0000] {standard_task_runner.py:90} INFO - Running: ['***', 'tasks', 'run', 'data_ingestion_gcs_dag', 'create_bigquery_external_table_task', 'manual__2024-05-15T14:16:30.036748+00:00', '--job-id', '59', '--raw', '--subdir', 'DAGS_FOLDER/data_ingesting_gcs_dag.py', '--cfg-path', '/tmp/tmpyj3n9i_l']
[2024-05-15T14:16:43.100+0000] {standard_task_runner.py:91} INFO - Job 59: Subtask create_bigquery_external_table_task
[2024-05-15T14:16:43.121+0000] {task_command.py:426} INFO - Running <TaskInstance: data_ingestion_gcs_dag.create_bigquery_external_table_task manual__2024-05-15T14:16:30.036748+00:00 [running]> on host 8d74528dce72
[2024-05-15T14:16:43.162+0000] {taskinstance.py:2648} INFO - Exporting env vars: AIRFLOW_CTX_DAG_OWNER='***' AIRFLOW_CTX_DAG_ID='data_ingestion_gcs_dag' AIRFLOW_CTX_TASK_ID='create_bigquery_external_table_task' AIRFLOW_CTX_EXECUTION_DATE='2024-05-15T14:16:30.036748+00:00' AIRFLOW_CTX_TRY_NUMBER='1' AIRFLOW_CTX_DAG_RUN_ID='manual__2024-05-15T14:16:30.036748+00:00'
[2024-05-15T14:16:43.164+0000] {taskinstance.py:430} INFO - ::endgroup::
[2024-05-15T14:16:43.171+0000] {crypto.py:82} WARNING - empty cryptography key - values will not be stored encrypted.
[2024-05-15T14:16:43.171+0000] {connection.py:274} WARNING - Connection schemes (type: google_cloud_platform) shall not contain '_' according to RFC3986.
[2024-05-15T14:16:43.171+0000] {base.py:84} INFO - Using connection ID 'google_cloud_default' for task execution.
[2024-05-15T14:16:43.942+0000] {taskinstance.py:441} INFO - ::group::Post task execution logs
[2024-05-15T14:16:43.954+0000] {taskinstance.py:1206} INFO - Marking task as SUCCESS. dag_id=data_ingestion_gcs_dag, task_id=create_bigquery_external_table_task, run_id=manual__2024-05-15T14:16:30.036748+00:00, execution_date=20240515T141630, start_date=20240515T141643, end_date=20240515T141643
[2024-05-15T14:16:43.981+0000] {local_task_job_runner.py:240} INFO - Task exited with return code 0
[2024-05-15T14:16:43.998+0000] {taskinstance.py:3498} INFO - 0 downstream tasks scheduled from follow-on schedule check
[2024-05-15T14:16:43.999+0000] {local_task_job_runner.py:222} INFO - ::endgroup::
