[2024-05-15T12:57:32.263+0000] {local_task_job_runner.py:120} INFO - ::group::Pre task execution logs
[2024-05-15T12:57:32.270+0000] {taskinstance.py:2076} INFO - Dependencies all met for dep_context=non-requeueable deps ti=<TaskInstance: data_ingestion_gcs_dag.download_dataset_task manual__2024-05-15T12:57:29.235658+00:00 [queued]>
[2024-05-15T12:57:32.273+0000] {taskinstance.py:2076} INFO - Dependencies all met for dep_context=requeueable deps ti=<TaskInstance: data_ingestion_gcs_dag.download_dataset_task manual__2024-05-15T12:57:29.235658+00:00 [queued]>
[2024-05-15T12:57:32.274+0000] {taskinstance.py:2306} INFO - Starting attempt 1 of 2
[2024-05-15T12:57:32.280+0000] {taskinstance.py:2330} INFO - Executing <Task(BashOperator): download_dataset_task> on 2024-05-15 12:57:29.235658+00:00
[2024-05-15T12:57:32.283+0000] {warnings.py:110} WARNING - /home/***/.local/lib/python3.12/site-packages/***/task/task_runner/standard_task_runner.py:61: DeprecationWarning: This process (pid=55) is multi-threaded, use of fork() may lead to deadlocks in the child.
  pid = os.fork()

[2024-05-15T12:57:32.284+0000] {standard_task_runner.py:63} INFO - Started process 57 to run task
[2024-05-15T12:57:32.285+0000] {standard_task_runner.py:90} INFO - Running: ['***', 'tasks', 'run', 'data_ingestion_gcs_dag', 'download_dataset_task', 'manual__2024-05-15T12:57:29.235658+00:00', '--job-id', '19', '--raw', '--subdir', 'DAGS_FOLDER/data_ingesting_gcs_dag.py', '--cfg-path', '/tmp/tmpkzumb_vc']
[2024-05-15T12:57:32.287+0000] {standard_task_runner.py:91} INFO - Job 19: Subtask download_dataset_task
[2024-05-15T12:57:32.313+0000] {task_command.py:426} INFO - Running <TaskInstance: data_ingestion_gcs_dag.download_dataset_task manual__2024-05-15T12:57:29.235658+00:00 [running]> on host 4e2d47a31065
[2024-05-15T12:57:32.350+0000] {taskinstance.py:2648} INFO - Exporting env vars: AIRFLOW_CTX_DAG_OWNER='***' AIRFLOW_CTX_DAG_ID='data_ingestion_gcs_dag' AIRFLOW_CTX_TASK_ID='download_dataset_task' AIRFLOW_CTX_EXECUTION_DATE='2024-05-15T12:57:29.235658+00:00' AIRFLOW_CTX_TRY_NUMBER='1' AIRFLOW_CTX_DAG_RUN_ID='manual__2024-05-15T12:57:29.235658+00:00'
[2024-05-15T12:57:32.351+0000] {taskinstance.py:430} INFO - ::endgroup::
[2024-05-15T12:57:32.365+0000] {subprocess.py:63} INFO - Tmp dir root location: /tmp
[2024-05-15T12:57:32.366+0000] {subprocess.py:75} INFO - Running command: ['/usr/bin/bash', '-c', 'curl -sSL https://s3.amazonaws.com/nyc-tlc/trip+data/yellow_tripdata_2021-01.csv > /opt/***/yellow_tripdata_2021-01.csv']
[2024-05-15T12:57:32.371+0000] {subprocess.py:86} INFO - Output:
[2024-05-15T12:57:33.150+0000] {subprocess.py:97} INFO - Command exited with return code 0
[2024-05-15T12:57:33.152+0000] {taskinstance.py:441} INFO - ::group::Post task execution logs
[2024-05-15T12:57:33.200+0000] {taskinstance.py:1206} INFO - Marking task as SUCCESS. dag_id=data_ingestion_gcs_dag, task_id=download_dataset_task, run_id=manual__2024-05-15T12:57:29.235658+00:00, execution_date=20240515T125729, start_date=20240515T125732, end_date=20240515T125733
[2024-05-15T12:57:33.251+0000] {local_task_job_runner.py:240} INFO - Task exited with return code 0
[2024-05-15T12:57:33.266+0000] {taskinstance.py:3498} INFO - 1 downstream tasks scheduled from follow-on schedule check
[2024-05-15T12:57:33.267+0000] {local_task_job_runner.py:222} INFO - ::endgroup::
