[2024-05-15T12:20:32.942+0000] {local_task_job_runner.py:120} INFO - ::group::Pre task execution logs
[2024-05-15T12:20:32.949+0000] {taskinstance.py:2076} INFO - Dependencies all met for dep_context=non-requeueable deps ti=<TaskInstance: data_ingestion_gcs_dag.download_dataset_task manual__2024-05-15T12:15:17.146945+00:00 [queued]>
[2024-05-15T12:20:32.952+0000] {taskinstance.py:2076} INFO - Dependencies all met for dep_context=requeueable deps ti=<TaskInstance: data_ingestion_gcs_dag.download_dataset_task manual__2024-05-15T12:15:17.146945+00:00 [queued]>
[2024-05-15T12:20:32.952+0000] {taskinstance.py:2306} INFO - Starting attempt 1 of 2
[2024-05-15T12:20:32.958+0000] {taskinstance.py:2330} INFO - Executing <Task(BashOperator): download_dataset_task> on 2024-05-15 12:15:17.146945+00:00
[2024-05-15T12:20:32.961+0000] {warnings.py:110} WARNING - /home/***/.local/lib/python3.12/site-packages/***/task/task_runner/standard_task_runner.py:61: DeprecationWarning: This process (pid=16696) is multi-threaded, use of fork() may lead to deadlocks in the child.
  pid = os.fork()

[2024-05-15T12:20:32.962+0000] {standard_task_runner.py:63} INFO - Started process 16698 to run task
[2024-05-15T12:20:32.962+0000] {standard_task_runner.py:90} INFO - Running: ['***', 'tasks', 'run', 'data_ingestion_gcs_dag', 'download_dataset_task', 'manual__2024-05-15T12:15:17.146945+00:00', '--job-id', '7', '--raw', '--subdir', 'DAGS_FOLDER/data_ingesting_gcs_dag.py', '--cfg-path', '/tmp/tmp3228xf6w']
[2024-05-15T12:20:32.964+0000] {standard_task_runner.py:91} INFO - Job 7: Subtask download_dataset_task
[2024-05-15T12:20:32.985+0000] {task_command.py:426} INFO - Running <TaskInstance: data_ingestion_gcs_dag.download_dataset_task manual__2024-05-15T12:15:17.146945+00:00 [running]> on host 1fcdfe24c089
[2024-05-15T12:20:33.019+0000] {taskinstance.py:2648} INFO - Exporting env vars: AIRFLOW_CTX_DAG_OWNER='***' AIRFLOW_CTX_DAG_ID='data_ingestion_gcs_dag' AIRFLOW_CTX_TASK_ID='download_dataset_task' AIRFLOW_CTX_EXECUTION_DATE='2024-05-15T12:15:17.146945+00:00' AIRFLOW_CTX_TRY_NUMBER='1' AIRFLOW_CTX_DAG_RUN_ID='manual__2024-05-15T12:15:17.146945+00:00'
[2024-05-15T12:20:33.020+0000] {taskinstance.py:430} INFO - ::endgroup::
[2024-05-15T12:20:33.026+0000] {subprocess.py:63} INFO - Tmp dir root location: /tmp
[2024-05-15T12:20:33.026+0000] {subprocess.py:75} INFO - Running command: ['/usr/bin/bash', '-c', 'curl -sSL https://s3.amazonaws.com/nyc-tlc/trip+data/yellow_tripdata_2021-01.csv > /opt/***/yellow_tripdata_2021-01.csv']
[2024-05-15T12:20:33.031+0000] {subprocess.py:86} INFO - Output:
[2024-05-15T12:20:33.664+0000] {subprocess.py:97} INFO - Command exited with return code 0
[2024-05-15T12:20:33.666+0000] {taskinstance.py:441} INFO - ::group::Post task execution logs
[2024-05-15T12:20:33.697+0000] {taskinstance.py:1206} INFO - Marking task as SUCCESS. dag_id=data_ingestion_gcs_dag, task_id=download_dataset_task, run_id=manual__2024-05-15T12:15:17.146945+00:00, execution_date=20240515T121517, start_date=20240515T122032, end_date=20240515T122033
[2024-05-15T12:20:33.734+0000] {local_task_job_runner.py:240} INFO - Task exited with return code 0
[2024-05-15T12:20:33.753+0000] {taskinstance.py:3498} INFO - 1 downstream tasks scheduled from follow-on schedule check
[2024-05-15T12:20:33.754+0000] {local_task_job_runner.py:222} INFO - ::endgroup::
